<?xml version="1.0" encoding="UTF-8"?>
<testng-results skipped="0" failed="0" total="1" passed="1">
  <reporter-output>
  </reporter-output>
  <suite name="Default suite" duration-ms="27" started-at="2016-11-09T17:30:36Z" finished-at="2016-11-09T17:30:36Z">
    <groups>
    </groups>
    <test name="Default test" duration-ms="27" started-at="2016-11-09T17:30:36Z" finished-at="2016-11-09T17:30:36Z">
      <class name="javatutorial.FirstTest">
        <test-method status="PASS" signature="f()[pri:0, instance:javatutorial.FirstTest@4de8b406]" name="f" duration-ms="9" started-at="2016-11-09T09:30:36Z" finished-at="2016-11-09T09:30:36Z">
          <reporter-output>
          </reporter-output>
        </test-method> <!-- f -->
      </class> <!-- javatutorial.FirstTest -->
    </test> <!-- Default test -->
  </suite> <!-- Default suite -->
</testng-results>
